2022-02-13 13:49:44.587  INFO 928 --- [restartedMain] o.s.nativex.NativeListener               : AOT mode disabled
2022-02-13 13:49:44.784  INFO 928 --- [restartedMain] c.e.d.DiplomCryptoWatcherApplication     : Starting DiplomCryptoWatcherApplication using Java 11.0.12 on MBP-Artem.Dlink with PID 928 (/Users/artemarosevic/IdeaProjects/diplom_crypto_watcher/target/classes started by artemarosevic in /Users/artemarosevic/IdeaProjects/diplom_crypto_watcher)
2022-02-13 13:49:44.790  INFO 928 --- [restartedMain] c.e.d.DiplomCryptoWatcherApplication     : No active profile set, falling back to default profiles: default
2022-02-13 13:49:44.931  INFO 928 --- [restartedMain] .e.DevToolsPropertyDefaultsPostProcessor : Devtools property defaults active! Set 'spring.devtools.add-properties' to 'false' to disable
2022-02-13 13:49:44.933  INFO 928 --- [restartedMain] .e.DevToolsPropertyDefaultsPostProcessor : For additional web related logging consider setting the 'logging.level.web' property to 'DEBUG'
2022-02-13 13:49:46.297  INFO 928 --- [restartedMain] .s.d.r.c.RepositoryConfigurationDelegate : Bootstrapping Spring Data JPA repositories in DEFAULT mode.
2022-02-13 13:49:46.367  INFO 928 --- [restartedMain] .s.d.r.c.RepositoryConfigurationDelegate : Finished Spring Data repository scanning in 57 ms. Found 2 JPA repository interfaces.
2022-02-13 13:49:47.231  INFO 928 --- [restartedMain] o.s.b.w.embedded.tomcat.TomcatWebServer  : Tomcat initialized with port(s): 8080 (http)
2022-02-13 13:49:47.243  INFO 928 --- [restartedMain] o.apache.catalina.core.StandardService   : Starting service [Tomcat]
2022-02-13 13:49:47.243  INFO 928 --- [restartedMain] org.apache.catalina.core.StandardEngine  : Starting Servlet engine: [Apache Tomcat/9.0.44]
2022-02-13 13:49:47.328  INFO 928 --- [restartedMain] o.a.c.c.C.[Tomcat].[localhost].[/]       : Initializing Spring embedded WebApplicationContext
2022-02-13 13:49:47.328  INFO 928 --- [restartedMain] w.s.c.ServletWebServerApplicationContext : Root WebApplicationContext: initialization completed in 2394 ms
2022-02-13 13:49:47.393  INFO 928 --- [restartedMain] com.zaxxer.hikari.HikariDataSource       : HikariPool-1 - Starting...
2022-02-13 13:49:47.572  INFO 928 --- [restartedMain] com.zaxxer.hikari.HikariDataSource       : HikariPool-1 - Start completed.
2022-02-13 13:49:47.580  INFO 928 --- [restartedMain] o.s.b.a.h2.H2ConsoleAutoConfiguration    : H2 console available at '/bd'. Database available at 'jdbc:h2:mem:db'
2022-02-13 13:49:47.792  INFO 928 --- [restartedMain] o.hibernate.jpa.internal.util.LogHelper  : HHH000204: Processing PersistenceUnitInfo [name: default]
2022-02-13 13:49:47.870  INFO 928 --- [restartedMain] org.hibernate.Version                    : HHH000412: Hibernate ORM core version 5.4.29.Final
2022-02-13 13:49:47.926  INFO 928 --- [restartedMain] o.hibernate.annotations.common.Version   : HCANN000001: Hibernate Commons Annotations {5.1.2.Final}
2022-02-13 13:49:48.108  INFO 928 --- [restartedMain] org.hibernate.dialect.Dialect            : HHH000400: Using dialect: org.hibernate.dialect.H2Dialect
2022-02-13 13:49:48.667  INFO 928 --- [restartedMain] o.h.e.t.j.p.i.JtaPlatformInitiator       : HHH000490: Using JtaPlatform implementation: [org.hibernate.engine.transaction.jta.platform.internal.NoJtaPlatform]
2022-02-13 13:49:48.678  INFO 928 --- [restartedMain] j.LocalContainerEntityManagerFactoryBean : Initialized JPA EntityManagerFactory for persistence unit 'default'
2022-02-13 13:49:48.737  INFO 928 --- [restartedMain] o.s.b.d.a.OptionalLiveReloadServer       : LiveReload server is running on port 35729
2022-02-13 13:49:49.918  WARN 928 --- [restartedMain] JpaBaseConfiguration$JpaWebConfiguration : spring.jpa.open-in-view is enabled by default. Therefore, database queries may be performed during view rendering. Explicitly configure spring.jpa.open-in-view to disable this warning
2022-02-13 13:49:50.417  INFO 928 --- [restartedMain] o.s.s.concurrent.ThreadPoolTaskExecutor  : Initializing ExecutorService 'applicationTaskExecutor'
2022-02-13 13:49:50.965  INFO 928 --- [restartedMain] o.s.b.w.embedded.tomcat.TomcatWebServer  : Tomcat started on port(s): 8080 (http) with context path ''
2022-02-13 13:49:51.592  INFO 928 --- [restartedMain] c.e.d.DiplomCryptoWatcherApplication     : Started DiplomCryptoWatcherApplication in 7.716 seconds (JVM running for 9.246)
2022-02-13 13:51:06.196  INFO 928 --- [http-nio-8080-exec-1] o.a.c.c.C.[Tomcat].[localhost].[/]       : Initializing Spring DispatcherServlet 'dispatcherServlet'
2022-02-13 13:51:06.197  INFO 928 --- [http-nio-8080-exec-1] o.s.web.servlet.DispatcherServlet        : Initializing Servlet 'dispatcherServlet'
2022-02-13 13:51:06.200  INFO 928 --- [http-nio-8080-exec-1] o.s.web.servlet.DispatcherServlet        : Completed initialization in 3 ms
2022-02-13 13:51:36.421  INFO 928 --- [SpringContextShutdownHook] o.s.s.concurrent.ThreadPoolTaskExecutor  : Shutting down ExecutorService 'applicationTaskExecutor'
2022-02-13 13:51:36.427  INFO 928 --- [SpringContextShutdownHook] j.LocalContainerEntityManagerFactoryBean : Closing JPA EntityManagerFactory for persistence unit 'default'
2022-02-13 13:51:36.652  WARN 928 --- [SpringContextShutdownHook] o.s.b.f.support.DisposableBeanAdapter    : Invocation of destroy method failed on bean with name 'inMemoryDatabaseShutdownExecutor': org.h2.jdbc.JdbcSQLNonTransientConnectionException: База данных уже закрыта (чтобы отключить автоматическое закрытие базы данных при останове JVM, добавьте ";DB_CLOSE_ON_EXIT=FALSE" в URL)
Database is already closed (to disable automatic closing at VM shutdown, add ";DB_CLOSE_ON_EXIT=FALSE" to the db URL) [90121-200]
2022-02-13 13:51:36.653  INFO 928 --- [SpringContextShutdownHook] com.zaxxer.hikari.HikariDataSource       : HikariPool-1 - Shutdown initiated...
2022-02-13 13:51:36.660  INFO 928 --- [SpringContextShutdownHook] com.zaxxer.hikari.HikariDataSource       : HikariPool-1 - Shutdown completed.
